0 info it worked if it ends with ok
1 verbose cli [ 'C:\\Program Files\\nodejs\\node.exe',
1 verbose cli   'C:\\Program Files\\nodejs\\node_modules\\npm\\bin\\npm-cli.js',
1 verbose cli   'prune' ]
2 info using npm@3.9.3
3 info using node@v6.2.1
4 verbose unbuild node_modules\async
5 verbose unbuild node_modules\colors
6 verbose unbuild node_modules\corser
7 verbose unbuild node_modules\eventemitter3
8 verbose unbuild node_modules\http-proxy
9 verbose unbuild node_modules\minimist
10 verbose unbuild node_modules\portfinder
11 verbose unbuild node_modules\qs
12 verbose unbuild node_modules\requires-port
13 verbose unbuild node_modules\union
14 verbose unbuild node_modules\url-join
15 verbose unbuild node_modules\wordwrap
16 verbose unbuild node_modules\babylon
17 verbose unbuild node_modules\bower
18 verbose unbuild node_modules\detect-indent
19 verbose unbuild node_modules\ecstatic
20 verbose unbuild node_modules\he
21 verbose unbuild node_modules\http-server
22 verbose unbuild node_modules\json5
23 verbose unbuild node_modules\loose-envify
24 verbose unbuild node_modules\mime
25 verbose unbuild node_modules\opener
26 verbose unbuild node_modules\repeating
27 verbose unbuild node_modules\user-home
28 verbose unbuild node_modules\optimist
29 verbose unbuild node_modules\mkdirp
30 info lifecycle async@0.9.0~preuninstall: async@0.9.0
31 info lifecycle corser@2.0.0~preuninstall: corser@2.0.0
32 info lifecycle eventemitter3@1.2.0~preuninstall: eventemitter3@1.2.0
33 info lifecycle colors@1.0.3~preuninstall: colors@1.0.3
34 info lifecycle http-proxy@1.13.3~preuninstall: http-proxy@1.13.3
35 info lifecycle minimist@1.2.0~preuninstall: minimist@1.2.0
36 info lifecycle portfinder@0.4.0~preuninstall: portfinder@0.4.0
37 info lifecycle qs@2.3.3~preuninstall: qs@2.3.3
38 info lifecycle requires-port@1.0.0~preuninstall: requires-port@1.0.0
39 info lifecycle union@0.4.4~preuninstall: union@0.4.4
40 info lifecycle url-join@1.1.0~preuninstall: url-join@1.1.0
41 info lifecycle wordwrap@0.0.3~preuninstall: wordwrap@0.0.3
42 silly lifecycle async@0.9.0~preuninstall: no script for preuninstall, continuing
43 silly lifecycle corser@2.0.0~preuninstall: no script for preuninstall, continuing
44 silly lifecycle eventemitter3@1.2.0~preuninstall: no script for preuninstall, continuing
45 silly lifecycle colors@1.0.3~preuninstall: no script for preuninstall, continuing
46 info lifecycle optimist@0.6.1~preuninstall: optimist@0.6.1
47 silly lifecycle http-proxy@1.13.3~preuninstall: no script for preuninstall, continuing
48 silly lifecycle minimist@1.2.0~preuninstall: no script for preuninstall, continuing
49 silly lifecycle portfinder@0.4.0~preuninstall: no script for preuninstall, continuing
50 silly lifecycle qs@2.3.3~preuninstall: no script for preuninstall, continuing
51 silly lifecycle requires-port@1.0.0~preuninstall: no script for preuninstall, continuing
52 silly lifecycle union@0.4.4~preuninstall: no script for preuninstall, continuing
53 silly lifecycle url-join@1.1.0~preuninstall: no script for preuninstall, continuing
54 silly lifecycle wordwrap@0.0.3~preuninstall: no script for preuninstall, continuing
55 info lifecycle babylon@6.8.1~preuninstall: babylon@6.8.1
56 info lifecycle bower@1.7.9~preuninstall: bower@1.7.9
57 info lifecycle detect-indent@3.0.1~preuninstall: detect-indent@3.0.1
58 info lifecycle he@0.5.0~preuninstall: he@0.5.0
59 info lifecycle ecstatic@1.4.1~preuninstall: ecstatic@1.4.1
60 info lifecycle http-server@0.9.0~preuninstall: http-server@0.9.0
61 info lifecycle json5@0.4.0~preuninstall: json5@0.4.0
62 info lifecycle loose-envify@1.2.0~preuninstall: loose-envify@1.2.0
63 info lifecycle mime@1.3.4~preuninstall: mime@1.3.4
64 info lifecycle opener@1.4.1~preuninstall: opener@1.4.1
65 info lifecycle repeating@1.1.3~preuninstall: repeating@1.1.3
66 info lifecycle user-home@1.1.1~preuninstall: user-home@1.1.1
67 info lifecycle async@0.9.0~uninstall: async@0.9.0
68 info lifecycle corser@2.0.0~uninstall: corser@2.0.0
69 info lifecycle eventemitter3@1.2.0~uninstall: eventemitter3@1.2.0
70 info lifecycle colors@1.0.3~uninstall: colors@1.0.3
71 silly lifecycle optimist@0.6.1~preuninstall: no script for preuninstall, continuing
72 info lifecycle mkdirp@0.5.1~preuninstall: mkdirp@0.5.1
73 info lifecycle http-proxy@1.13.3~uninstall: http-proxy@1.13.3
74 info lifecycle minimist@1.2.0~uninstall: minimist@1.2.0
75 info lifecycle portfinder@0.4.0~uninstall: portfinder@0.4.0
76 info lifecycle qs@2.3.3~uninstall: qs@2.3.3
77 info lifecycle requires-port@1.0.0~uninstall: requires-port@1.0.0
78 info lifecycle union@0.4.4~uninstall: union@0.4.4
79 info lifecycle url-join@1.1.0~uninstall: url-join@1.1.0
80 info lifecycle wordwrap@0.0.3~uninstall: wordwrap@0.0.3
81 silly lifecycle babylon@6.8.1~preuninstall: no script for preuninstall, continuing
82 silly lifecycle detect-indent@3.0.1~preuninstall: no script for preuninstall, continuing
83 silly lifecycle bower@1.7.9~preuninstall: no script for preuninstall, continuing
84 silly lifecycle he@0.5.0~preuninstall: no script for preuninstall, continuing
85 silly lifecycle ecstatic@1.4.1~preuninstall: no script for preuninstall, continuing
86 silly lifecycle http-server@0.9.0~preuninstall: no script for preuninstall, continuing
87 silly lifecycle json5@0.4.0~preuninstall: no script for preuninstall, continuing
88 silly lifecycle loose-envify@1.2.0~preuninstall: no script for preuninstall, continuing
89 silly lifecycle mime@1.3.4~preuninstall: no script for preuninstall, continuing
90 silly lifecycle opener@1.4.1~preuninstall: no script for preuninstall, continuing
91 silly lifecycle repeating@1.1.3~preuninstall: no script for preuninstall, continuing
92 silly lifecycle user-home@1.1.1~preuninstall: no script for preuninstall, continuing
93 silly lifecycle async@0.9.0~uninstall: no script for uninstall, continuing
94 silly lifecycle corser@2.0.0~uninstall: no script for uninstall, continuing
95 silly lifecycle eventemitter3@1.2.0~uninstall: no script for uninstall, continuing
96 silly lifecycle colors@1.0.3~uninstall: no script for uninstall, continuing
97 info lifecycle optimist@0.6.1~uninstall: optimist@0.6.1
98 silly lifecycle mkdirp@0.5.1~preuninstall: no script for preuninstall, continuing
99 silly lifecycle http-proxy@1.13.3~uninstall: no script for uninstall, continuing
100 silly lifecycle minimist@1.2.0~uninstall: no script for uninstall, continuing
101 silly lifecycle portfinder@0.4.0~uninstall: no script for uninstall, continuing
102 silly lifecycle qs@2.3.3~uninstall: no script for uninstall, continuing
103 silly lifecycle requires-port@1.0.0~uninstall: no script for uninstall, continuing
104 silly lifecycle union@0.4.4~uninstall: no script for uninstall, continuing
105 silly lifecycle url-join@1.1.0~uninstall: no script for uninstall, continuing
106 silly lifecycle wordwrap@0.0.3~uninstall: no script for uninstall, continuing
107 info lifecycle babylon@6.8.1~uninstall: babylon@6.8.1
108 info lifecycle detect-indent@3.0.1~uninstall: detect-indent@3.0.1
109 info lifecycle bower@1.7.9~uninstall: bower@1.7.9
110 info lifecycle he@0.5.0~uninstall: he@0.5.0
111 info lifecycle ecstatic@1.4.1~uninstall: ecstatic@1.4.1
112 info lifecycle http-server@0.9.0~uninstall: http-server@0.9.0
113 info lifecycle json5@0.4.0~uninstall: json5@0.4.0
114 info lifecycle loose-envify@1.2.0~uninstall: loose-envify@1.2.0
115 info lifecycle mime@1.3.4~uninstall: mime@1.3.4
116 info lifecycle opener@1.4.1~uninstall: opener@1.4.1
117 info lifecycle repeating@1.1.3~uninstall: repeating@1.1.3
118 info lifecycle user-home@1.1.1~uninstall: user-home@1.1.1
119 verbose unbuild rmStuff async@0.9.0 from D:\Kiru\Documents\GitHub\CloudMud\node_modules
120 info lifecycle async@0.9.0~postuninstall: async@0.9.0
121 verbose unbuild rmStuff corser@2.0.0 from D:\Kiru\Documents\GitHub\CloudMud\node_modules
122 info lifecycle corser@2.0.0~postuninstall: corser@2.0.0
123 verbose unbuild rmStuff eventemitter3@1.2.0 from D:\Kiru\Documents\GitHub\CloudMud\node_modules
124 info lifecycle eventemitter3@1.2.0~postuninstall: eventemitter3@1.2.0
125 verbose unbuild rmStuff colors@1.0.3 from D:\Kiru\Documents\GitHub\CloudMud\node_modules
126 info lifecycle colors@1.0.3~postuninstall: colors@1.0.3
127 silly lifecycle optimist@0.6.1~uninstall: no script for uninstall, continuing
128 info lifecycle mkdirp@0.5.1~uninstall: mkdirp@0.5.1
129 verbose unbuild rmStuff http-proxy@1.13.3 from D:\Kiru\Documents\GitHub\CloudMud\node_modules
130 info lifecycle http-proxy@1.13.3~postuninstall: http-proxy@1.13.3
131 verbose unbuild rmStuff minimist@1.2.0 from D:\Kiru\Documents\GitHub\CloudMud\node_modules
132 info lifecycle minimist@1.2.0~postuninstall: minimist@1.2.0
133 verbose unbuild rmStuff portfinder@0.4.0 from D:\Kiru\Documents\GitHub\CloudMud\node_modules
134 info lifecycle portfinder@0.4.0~postuninstall: portfinder@0.4.0
135 verbose unbuild rmStuff qs@2.3.3 from D:\Kiru\Documents\GitHub\CloudMud\node_modules
136 info lifecycle qs@2.3.3~postuninstall: qs@2.3.3
137 verbose unbuild rmStuff requires-port@1.0.0 from D:\Kiru\Documents\GitHub\CloudMud\node_modules
138 info lifecycle requires-port@1.0.0~postuninstall: requires-port@1.0.0
139 verbose unbuild rmStuff union@0.4.4 from D:\Kiru\Documents\GitHub\CloudMud\node_modules
140 info lifecycle union@0.4.4~postuninstall: union@0.4.4
141 verbose unbuild rmStuff url-join@1.1.0 from D:\Kiru\Documents\GitHub\CloudMud\node_modules
142 info lifecycle url-join@1.1.0~postuninstall: url-join@1.1.0
143 verbose unbuild rmStuff wordwrap@0.0.3 from D:\Kiru\Documents\GitHub\CloudMud\node_modules
144 info lifecycle wordwrap@0.0.3~postuninstall: wordwrap@0.0.3
145 silly lifecycle babylon@6.8.1~uninstall: no script for uninstall, continuing
146 silly lifecycle detect-indent@3.0.1~uninstall: no script for uninstall, continuing
147 silly lifecycle bower@1.7.9~uninstall: no script for uninstall, continuing
148 silly lifecycle he@0.5.0~uninstall: no script for uninstall, continuing
149 silly lifecycle ecstatic@1.4.1~uninstall: no script for uninstall, continuing
150 silly lifecycle http-server@0.9.0~uninstall: no script for uninstall, continuing
151 silly lifecycle json5@0.4.0~uninstall: no script for uninstall, continuing
152 silly lifecycle loose-envify@1.2.0~uninstall: no script for uninstall, continuing
153 silly lifecycle mime@1.3.4~uninstall: no script for uninstall, continuing
154 silly lifecycle opener@1.4.1~uninstall: no script for uninstall, continuing
155 silly lifecycle repeating@1.1.3~uninstall: no script for uninstall, continuing
156 silly lifecycle user-home@1.1.1~uninstall: no script for uninstall, continuing
157 silly lifecycle async@0.9.0~postuninstall: no script for postuninstall, continuing
158 silly lifecycle corser@2.0.0~postuninstall: no script for postuninstall, continuing
159 silly lifecycle eventemitter3@1.2.0~postuninstall: no script for postuninstall, continuing
160 silly lifecycle colors@1.0.3~postuninstall: no script for postuninstall, continuing
161 verbose unbuild rmStuff optimist@0.6.1 from D:\Kiru\Documents\GitHub\CloudMud\node_modules
162 info lifecycle optimist@0.6.1~postuninstall: optimist@0.6.1
163 silly lifecycle mkdirp@0.5.1~uninstall: no script for uninstall, continuing
164 silly lifecycle http-proxy@1.13.3~postuninstall: no script for postuninstall, continuing
165 silly lifecycle minimist@1.2.0~postuninstall: no script for postuninstall, continuing
166 silly lifecycle portfinder@0.4.0~postuninstall: no script for postuninstall, continuing
167 silly lifecycle qs@2.3.3~postuninstall: no script for postuninstall, continuing
168 silly lifecycle requires-port@1.0.0~postuninstall: no script for postuninstall, continuing
169 silly lifecycle union@0.4.4~postuninstall: no script for postuninstall, continuing
170 silly lifecycle url-join@1.1.0~postuninstall: no script for postuninstall, continuing
171 silly lifecycle wordwrap@0.0.3~postuninstall: no script for postuninstall, continuing
172 verbose unbuild rmStuff babylon@6.8.1 from D:\Kiru\Documents\GitHub\CloudMud\node_modules
173 silly gentlyRm D:\Kiru\Documents\GitHub\CloudMud\node_modules\.bin\babylon.cmd is being gently removed from base D:\Kiru\Documents\GitHub\CloudMud\node_modules\babylon
174 verbose unbuild rmStuff detect-indent@3.0.1 from D:\Kiru\Documents\GitHub\CloudMud\node_modules
175 silly gentlyRm D:\Kiru\Documents\GitHub\CloudMud\node_modules\.bin\detect-indent.cmd is being gently removed from base D:\Kiru\Documents\GitHub\CloudMud\node_modules\detect-indent
176 verbose unbuild rmStuff bower@1.7.9 from D:\Kiru\Documents\GitHub\CloudMud\node_modules
177 silly gentlyRm D:\Kiru\Documents\GitHub\CloudMud\node_modules\.bin\bower.cmd is being gently removed from base D:\Kiru\Documents\GitHub\CloudMud\node_modules\bower
178 verbose unbuild rmStuff he@0.5.0 from D:\Kiru\Documents\GitHub\CloudMud\node_modules
179 silly gentlyRm D:\Kiru\Documents\GitHub\CloudMud\node_modules\.bin\he.cmd is being gently removed from base D:\Kiru\Documents\GitHub\CloudMud\node_modules\he
180 verbose unbuild rmStuff ecstatic@1.4.1 from D:\Kiru\Documents\GitHub\CloudMud\node_modules
181 silly gentlyRm D:\Kiru\Documents\GitHub\CloudMud\node_modules\.bin\ecstatic.cmd is being gently removed from base D:\Kiru\Documents\GitHub\CloudMud\node_modules\ecstatic
182 verbose unbuild rmStuff http-server@0.9.0 from D:\Kiru\Documents\GitHub\CloudMud\node_modules
183 silly gentlyRm D:\Kiru\Documents\GitHub\CloudMud\node_modules\.bin\hs.cmd is being gently removed from base D:\Kiru\Documents\GitHub\CloudMud\node_modules\http-server
184 silly gentlyRm D:\Kiru\Documents\GitHub\CloudMud\node_modules\.bin\http-server.cmd is being gently removed from base D:\Kiru\Documents\GitHub\CloudMud\node_modules\http-server
185 verbose unbuild rmStuff json5@0.4.0 from D:\Kiru\Documents\GitHub\CloudMud\node_modules
186 silly gentlyRm D:\Kiru\Documents\GitHub\CloudMud\node_modules\.bin\json5.cmd is being gently removed from base D:\Kiru\Documents\GitHub\CloudMud\node_modules\json5
187 verbose unbuild rmStuff loose-envify@1.2.0 from D:\Kiru\Documents\GitHub\CloudMud\node_modules
188 silly gentlyRm D:\Kiru\Documents\GitHub\CloudMud\node_modules\.bin\loose-envify.cmd is being gently removed from base D:\Kiru\Documents\GitHub\CloudMud\node_modules\loose-envify
189 verbose unbuild rmStuff mime@1.3.4 from D:\Kiru\Documents\GitHub\CloudMud\node_modules
190 silly gentlyRm D:\Kiru\Documents\GitHub\CloudMud\node_modules\.bin\mime.cmd is being gently removed from base D:\Kiru\Documents\GitHub\CloudMud\node_modules\mime
191 verbose unbuild rmStuff opener@1.4.1 from D:\Kiru\Documents\GitHub\CloudMud\node_modules
192 silly gentlyRm D:\Kiru\Documents\GitHub\CloudMud\node_modules\.bin\opener.cmd is being gently removed from base D:\Kiru\Documents\GitHub\CloudMud\node_modules\opener
193 verbose unbuild rmStuff repeating@1.1.3 from D:\Kiru\Documents\GitHub\CloudMud\node_modules
194 silly gentlyRm D:\Kiru\Documents\GitHub\CloudMud\node_modules\.bin\repeating.cmd is being gently removed from base D:\Kiru\Documents\GitHub\CloudMud\node_modules\repeating
195 verbose unbuild rmStuff user-home@1.1.1 from D:\Kiru\Documents\GitHub\CloudMud\node_modules
196 silly gentlyRm D:\Kiru\Documents\GitHub\CloudMud\node_modules\.bin\user-home.cmd is being gently removed from base D:\Kiru\Documents\GitHub\CloudMud\node_modules\user-home
197 silly gentlyRm D:\Kiru\Documents\GitHub\CloudMud\node_modules\async is being purged from base D:\Kiru\Documents\GitHub\CloudMud
198 verbose gentlyRm don't care about contents; nuking D:\Kiru\Documents\GitHub\CloudMud\node_modules\async
199 silly gentlyRm D:\Kiru\Documents\GitHub\CloudMud\node_modules\corser is being purged from base D:\Kiru\Documents\GitHub\CloudMud
200 verbose gentlyRm don't care about contents; nuking D:\Kiru\Documents\GitHub\CloudMud\node_modules\corser
201 silly gentlyRm D:\Kiru\Documents\GitHub\CloudMud\node_modules\eventemitter3 is being purged from base D:\Kiru\Documents\GitHub\CloudMud
202 verbose gentlyRm don't care about contents; nuking D:\Kiru\Documents\GitHub\CloudMud\node_modules\eventemitter3
203 silly gentlyRm D:\Kiru\Documents\GitHub\CloudMud\node_modules\colors is being purged from base D:\Kiru\Documents\GitHub\CloudMud
204 verbose gentlyRm don't care about contents; nuking D:\Kiru\Documents\GitHub\CloudMud\node_modules\colors
205 silly lifecycle optimist@0.6.1~postuninstall: no script for postuninstall, continuing
206 verbose unbuild rmStuff mkdirp@0.5.1 from D:\Kiru\Documents\GitHub\CloudMud\node_modules
207 silly gentlyRm D:\Kiru\Documents\GitHub\CloudMud\node_modules\.bin\mkdirp.cmd is being gently removed from base D:\Kiru\Documents\GitHub\CloudMud\node_modules\mkdirp
208 silly gentlyRm D:\Kiru\Documents\GitHub\CloudMud\node_modules\http-proxy is being purged from base D:\Kiru\Documents\GitHub\CloudMud
209 verbose gentlyRm don't care about contents; nuking D:\Kiru\Documents\GitHub\CloudMud\node_modules\http-proxy
210 silly gentlyRm D:\Kiru\Documents\GitHub\CloudMud\node_modules\minimist is being purged from base D:\Kiru\Documents\GitHub\CloudMud
211 verbose gentlyRm don't care about contents; nuking D:\Kiru\Documents\GitHub\CloudMud\node_modules\minimist
212 silly gentlyRm D:\Kiru\Documents\GitHub\CloudMud\node_modules\portfinder is being purged from base D:\Kiru\Documents\GitHub\CloudMud
213 verbose gentlyRm don't care about contents; nuking D:\Kiru\Documents\GitHub\CloudMud\node_modules\portfinder
214 silly gentlyRm D:\Kiru\Documents\GitHub\CloudMud\node_modules\qs is being purged from base D:\Kiru\Documents\GitHub\CloudMud
215 verbose gentlyRm don't care about contents; nuking D:\Kiru\Documents\GitHub\CloudMud\node_modules\qs
216 silly gentlyRm D:\Kiru\Documents\GitHub\CloudMud\node_modules\requires-port is being purged from base D:\Kiru\Documents\GitHub\CloudMud
217 verbose gentlyRm don't care about contents; nuking D:\Kiru\Documents\GitHub\CloudMud\node_modules\requires-port
218 silly gentlyRm D:\Kiru\Documents\GitHub\CloudMud\node_modules\union is being purged from base D:\Kiru\Documents\GitHub\CloudMud
219 verbose gentlyRm don't care about contents; nuking D:\Kiru\Documents\GitHub\CloudMud\node_modules\union
220 silly gentlyRm D:\Kiru\Documents\GitHub\CloudMud\node_modules\url-join is being purged from base D:\Kiru\Documents\GitHub\CloudMud
221 verbose gentlyRm don't care about contents; nuking D:\Kiru\Documents\GitHub\CloudMud\node_modules\url-join
222 silly gentlyRm D:\Kiru\Documents\GitHub\CloudMud\node_modules\wordwrap is being purged from base D:\Kiru\Documents\GitHub\CloudMud
223 verbose gentlyRm don't care about contents; nuking D:\Kiru\Documents\GitHub\CloudMud\node_modules\wordwrap
224 silly vacuum-fs purging D:\Kiru\Documents\GitHub\CloudMud\node_modules\async
225 silly vacuum-fs purging D:\Kiru\Documents\GitHub\CloudMud\node_modules\corser
226 silly vacuum-fs purging D:\Kiru\Documents\GitHub\CloudMud\node_modules\eventemitter3
227 silly vacuum-fs purging D:\Kiru\Documents\GitHub\CloudMud\node_modules\colors
228 silly gentlyRm D:\Kiru\Documents\GitHub\CloudMud\node_modules\optimist is being purged from base D:\Kiru\Documents\GitHub\CloudMud
229 verbose gentlyRm don't care about contents; nuking D:\Kiru\Documents\GitHub\CloudMud\node_modules\optimist
230 silly vacuum-fs purging D:\Kiru\Documents\GitHub\CloudMud\node_modules\http-proxy
231 silly vacuum-fs purging D:\Kiru\Documents\GitHub\CloudMud\node_modules\minimist
232 silly vacuum-fs purging D:\Kiru\Documents\GitHub\CloudMud\node_modules\portfinder
233 silly vacuum-fs purging D:\Kiru\Documents\GitHub\CloudMud\node_modules\qs
234 silly vacuum-fs purging D:\Kiru\Documents\GitHub\CloudMud\node_modules\requires-port
235 silly vacuum-fs purging D:\Kiru\Documents\GitHub\CloudMud\node_modules\union
236 silly vacuum-fs purging D:\Kiru\Documents\GitHub\CloudMud\node_modules\url-join
237 silly vacuum-fs purging D:\Kiru\Documents\GitHub\CloudMud\node_modules\wordwrap
238 silly vacuum-fs purging D:\Kiru\Documents\GitHub\CloudMud\node_modules\optimist
239 silly vacuum-fs quitting because other entries in D:\Kiru\Documents\GitHub\CloudMud\node_modules
240 silly vacuum-fs quitting because other entries in D:\Kiru\Documents\GitHub\CloudMud\node_modules
241 silly vacuum-fs quitting because other entries in D:\Kiru\Documents\GitHub\CloudMud\node_modules
242 silly vacuum-fs quitting because other entries in D:\Kiru\Documents\GitHub\CloudMud\node_modules
243 silly vacuum-fs quitting because other entries in D:\Kiru\Documents\GitHub\CloudMud\node_modules
244 silly vacuum-fs quitting because other entries in D:\Kiru\Documents\GitHub\CloudMud\node_modules
245 silly vacuum-fs quitting because other entries in D:\Kiru\Documents\GitHub\CloudMud\node_modules
246 silly vacuum-fs quitting because other entries in D:\Kiru\Documents\GitHub\CloudMud\node_modules
247 silly vacuum-fs quitting because other entries in D:\Kiru\Documents\GitHub\CloudMud\node_modules
248 silly vacuum-fs quitting because other entries in D:\Kiru\Documents\GitHub\CloudMud\node_modules
249 silly vacuum-fs quitting because other entries in D:\Kiru\Documents\GitHub\CloudMud\node_modules
250 silly vacuum-fs quitting because other entries in D:\Kiru\Documents\GitHub\CloudMud\node_modules
251 silly vacuum-fs quitting because other entries in D:\Kiru\Documents\GitHub\CloudMud\node_modules
252 verbose stack Error: EINVAL: invalid argument, read
252 verbose stack     at C:\Program Files\nodejs\node_modules\npm\lib\utils\gently-rm.js:286:7
252 verbose stack     at C:\Program Files\nodejs\node_modules\npm\node_modules\iferr\index.js:13:50
252 verbose stack     at FSReqWrap.oncomplete (fs.js:117:15)
253 verbose cwd D:\Kiru\Documents\GitHub\CloudMud
254 error Windows_NT 10.0.10586
255 error argv "C:\\Program Files\\nodejs\\node.exe" "C:\\Program Files\\nodejs\\node_modules\\npm\\bin\\npm-cli.js" "prune"
256 error node v6.2.1
257 error npm  v3.9.3
258 error code EINVAL
259 error EINVAL: invalid argument, read
260 error If you need help, you may report this error at:
260 error     <https://github.com/npm/npm/issues>
261 verbose exit [ 1, true ]
